<?xml version="1.0" encoding="UTF-8"?>
<testsuite name="testsWithPOM.homeworkTests" tests="1" skipped="0" failures="0" errors="0" timestamp="2021-02-18T16:58:45" hostname="ostap" time="21.31">
  <properties/>
  <testcase name="testRegistrationProcedure" classname="testsWithPOM.homeworkTests" time="21.31"/>
  <system-out><![CDATA[]]></system-out>
  <system-err><![CDATA[Starting ChromeDriver 88.0.4324.96 (68dba2d8a0b149a1d3afac56fa74648032bcf46b-refs/branch-heads/4324@{#1784}) on port 30269
Only local connections are allowed.
Please see https://chromedriver.chromium.org/security-considerations for suggestions on keeping ChromeDriver safe.
ChromeDriver was started successfully.
Feb 18, 2021 6:58:45 PM org.openqa.selenium.remote.ProtocolHandshake createSession
INFO: Detected dialect: W3C
]]></system-err>
</testsuite>
